{"direction":"request","sequence":1,"id":1,"method":"initialize","params":{"protocolVersion":"2025-06-18","capabilities":{},"clientInfo":{"name":"splunkready-mcp-proof-live-mock","version":"0.0.0"}}}
{"direction":"response","sequence":2,"id":1,"result":{"protocolVersion":"2025-06-18","capabilities":{"tools":{"listChanged":false}},"serverInfo":{"name":"splunkready-mock-splunk-mcp","title":"SplunkReady Mock Splunk MCP","version":"0.0.0"},"instructions":"Mock Splunk MCP server for credential-free read-only live-path demos. This server does not mutate Splunk."}}
{"direction":"notification","sequence":3,"method":"notifications/initialized"}
{"direction":"request","sequence":4,"id":1,"method":"tools/list"}
{"direction":"response","sequence":5,"id":1,"result":{"tools":[{"name":"splunk_get_info","title":"Get Splunk Info","description":"Return read-only mock Splunk deployment metadata generated from the SplunkReady fixture dataset.","inputSchema":{"type":"object","additionalProperties":false,"properties":{},"required":[]},"outputSchema":{"type":"object","additionalProperties":false,"properties":{"mode":{"type":"string","description":"Adapter mode."},"deploymentName":{"type":"string","description":"Mock deployment name."},"serverVersion":{"type":"string","description":"Mock Splunk server version."},"readOnlyTools":{"type":"array","items":{"type":"string"},"description":"Read-only Splunk MCP tools available."}},"required":[]},"annotations":{"readOnlyHint":true,"destructiveHint":false,"idempotentHint":true}},{"name":"splunk_get_user_info","title":"Get Splunk User Info","description":"Return read-only mock Splunk user metadata generated from the SplunkReady fixture dataset.","inputSchema":{"type":"object","additionalProperties":false,"properties":{},"required":[]},"outputSchema":{"type":"object","additionalProperties":false,"properties":{"username":{"type":"string","description":"Mock Splunk username."},"roles":{"type":"array","items":{"type":"string"},"description":"Mock Splunk roles."},"defaultApp":{"type":"string","description":"Mock default app."},"capabilities":{"type":"array","items":{"type":"string"},"description":"Mock Splunk capabilities."}},"required":[]},"annotations":{"readOnlyHint":true,"destructiveHint":false,"idempotentHint":true}},{"name":"splunk_get_indexes","title":"Get Splunk Indexes","description":"Return read-only mock Splunk indexes generated from the SplunkReady fixture dataset.","inputSchema":{"type":"object","additionalProperties":false,"properties":{},"required":[]},"outputSchema":{"type":"array","items":{"type":"object"}},"annotations":{"readOnlyHint":true,"destructiveHint":false,"idempotentHint":true}},{"name":"splunk_get_metadata","title":"Get Splunk Metadata","description":"Return read-only mock sourcetype metadata generated from the SplunkReady fixture dataset.","inputSchema":{"type":"object","additionalProperties":false,"properties":{"indexes":{"type":"array","items":{"type":"string"},"description":"Optional indexes to inspect."},"sourcetypes":{"type":"array","items":{"type":"string"},"description":"Optional sourcetypes to inspect."},"index":{"type":"string","description":"Optional single Splunk MCP index filter."},"type":{"type":"string","description":"Optional Splunk MCP metadata type."},"earliest_time":{"type":"string","description":"Optional earliest time bound."},"latest_time":{"type":"string","description":"Optional latest time bound."}},"required":[]},"outputSchema":{"type":"object","additionalProperties":false,"properties":{"indexes":{"type":"array","items":{"type":"object"},"description":"Matching mock indexes."},"sourcetypes":{"type":"array","items":{"type":"object"},"description":"Matching mock sourcetypes."},"source":{"type":"string","description":"Adapter source."},"warnings":{"type":"array","items":{"type":"string"},"description":"Non-fatal mock warnings."}},"required":[]},"annotations":{"readOnlyHint":true,"destructiveHint":false,"idempotentHint":true}},{"name":"splunk_get_knowledge_objects","title":"Get Knowledge Objects","description":"Return mock Splunk knowledge objects from the SplunkReady fixture dataset.","inputSchema":{"type":"object","additionalProperties":false,"properties":{"types":{"type":"array","items":{"type":"string"},"description":"Knowledge object types to return."},"query":{"type":"string","description":"Optional name/description filter."},"app":{"type":"string","description":"Optional Splunk app filter."}},"required":[]},"outputSchema":{"type":"object","additionalProperties":false,"properties":{"objects":{"type":"array","items":{"type":"object"},"description":"Matching knowledge objects."},"resultCount":{"type":"number","description":"Number of matching objects."},"warnings":{"type":"array","items":{"type":"string"},"description":"Non-fatal mock warnings."}},"required":[]},"annotations":{"readOnlyHint":true,"destructiveHint":false,"idempotentHint":true}},{"name":"saia_generate_spl","title":"Generate SPL","description":"Return fixture-backed advisory SPL generation output. It is not used for pass/fail grading.","inputSchema":{"type":"object","additionalProperties":false,"properties":{"prompt":{"type":"string","description":"Prompt for advisory SPL generation."},"app":{"type":"string","description":"Optional app context."}},"required":["prompt"]},"outputSchema":{"type":"object","additionalProperties":false,"properties":{"query":{"type":"string","description":"Generated SPL."},"rationale":{"type":"string","description":"Advisory rationale."},"warnings":{"type":"array","items":{"type":"string"},"description":"Non-fatal advisory warnings."}},"required":[]},"annotations":{"readOnlyHint":true,"destructiveHint":false,"idempotentHint":true}},{"name":"saia_explain_spl","title":"Explain SPL","description":"Return fixture-backed advisory SPL explanation output. It is not used for pass/fail grading.","inputSchema":{"type":"object","additionalProperties":false,"properties":{"spl":{"type":"string","description":"SPL to explain."},"query":{"type":"string","description":"SPL to explain."}},"required":[]},"outputSchema":{"type":"object","additionalProperties":false,"properties":{"explanation":{"type":"string","description":"Advisory explanation."},"warnings":{"type":"array","items":{"type":"string"},"description":"Non-fatal advisory warnings."}},"required":[]},"annotations":{"readOnlyHint":true,"destructiveHint":false,"idempotentHint":true}},{"name":"saia_optimize_spl","title":"Optimize SPL","description":"Return fixture-backed advisory SPL optimization output. It is not used for pass/fail grading.","inputSchema":{"type":"object","additionalProperties":false,"properties":{"spl":{"type":"string","description":"SPL to optimize."},"query":{"type":"string","description":"SPL to optimize."}},"required":[]},"outputSchema":{"type":"object","additionalProperties":false,"properties":{"optimizedQuery":{"type":"string","description":"Optimized SPL."},"rationale":{"type":"string","description":"Advisory rationale."},"warnings":{"type":"array","items":{"type":"string"},"description":"Non-fatal advisory warnings."}},"required":[]},"annotations":{"readOnlyHint":true,"destructiveHint":false,"idempotentHint":true}},{"name":"saia_ask_splunk_question","title":"Ask Splunk Question","description":"Return fixture-backed advisory Splunk AI Assistant output. It is not used for pass/fail grading.","inputSchema":{"type":"object","additionalProperties":false,"properties":{"prompt":{"type":"string","description":"Question to ask."},"question":{"type":"string","description":"Question to ask."}},"required":[]},"outputSchema":{"type":"object","additionalProperties":false,"properties":{"answer":{"type":"string","description":"Advisory answer."},"warnings":{"type":"array","items":{"type":"string"},"description":"Non-fatal advisory warnings."}},"required":[]},"annotations":{"readOnlyHint":true,"destructiveHint":false,"idempotentHint":true}},{"name":"splunk_run_query","title":"Run SPL Query","description":"Return a canned read-only SPL query result from the SplunkReady fixture dataset.","inputSchema":{"type":"object","additionalProperties":false,"properties":{"query":{"type":"string","description":"Exact SPL query to resolve from the fixture dataset."},"app":{"type":"string","description":"Optional Splunk app context."},"maxRows":{"type":"number","description":"Optional maximum number of rows requested."},"timeWindow":{"type":"object","additionalProperties":false,"properties":{"earliest":{"type":"string","description":"Earliest time bound."},"latest":{"type":"string","description":"Latest time bound."}},"required":[]}},"required":["query"]},"outputSchema":{"type":"object","additionalProperties":false,"properties":{"queryRef":{"type":"string","description":"Fixture query reference."},"rows":{"type":"array","items":{"type":"object"},"description":"Mock search rows."},"resultCount":{"type":"number","description":"Number of mock rows returned."},"evidenceRefs":{"type":"array","items":{"type":"string"},"description":"Fixture evidence references."},"warnings":{"type":"array","items":{"type":"string"},"description":"Non-fatal mock warnings."}},"required":[]},"annotations":{"readOnlyHint":true,"destructiveHint":false,"idempotentHint":true}},{"name":"splunk_run_saved_search","title":"Run Saved Search","description":"Return a canned read-only saved-search result from the SplunkReady fixture dataset.","inputSchema":{"type":"object","additionalProperties":false,"properties":{"name":{"type":"string","description":"Saved-search name."},"app":{"type":"string","description":"Splunk app that owns the saved search."},"tokens":{"type":"object","additionalProperties":{"type":"string"},"description":"Optional saved-search token values."},"maxRows":{"type":"number","description":"Optional maximum number of rows requested."}},"required":["name","app"]},"outputSchema":{"type":"object","additionalProperties":false,"properties":{"savedSearchRef":{"type":"string","description":"Fixture saved-search reference."},"rows":{"type":"array","items":{"type":"object"},"description":"Mock saved-search rows."},"resultCount":{"type":"number","description":"Number of mock rows returned."},"evidenceRefs":{"type":"array","items":{"type":"string"},"description":"Fixture evidence references."},"warnings":{"type":"array","items":{"type":"string"},"description":"Non-fatal mock warnings."}},"required":[]},"annotations":{"readOnlyHint":true,"destructiveHint":false,"idempotentHint":true}}]}}
{"direction":"request","sequence":6,"id":1,"method":"tools/call","params":{"name":"splunk_get_info","arguments":{}}}
{"direction":"response","sequence":7,"id":1,"result":{"content":[{"type":"text","text":"Mock Splunk deployment metadata loaded."}],"structuredContent":{"mode":"fixture","deploymentName":"acme-soc-dev","serverVersion":"fixture-splunk-9.x","readOnlyTools":["splunk_get_info","splunk_get_user_info","splunk_get_indexes","splunk_get_metadata","splunk_get_knowledge_objects","splunk_run_query","splunk_run_saved_search","saia_generate_spl","saia_explain_spl","saia_optimize_spl","saia_ask_splunk_question"]}}}
{"direction":"request","sequence":8,"id":1,"method":"tools/call","params":{"name":"splunk_get_knowledge_objects","arguments":{"types":["saved_searches","macros","lookups"],"query":"ES - Lateral Movement Auth Chain","app":"SplunkEnterpriseSecuritySuite"}}}
{"direction":"response","sequence":9,"id":1,"result":{"content":[{"type":"text","text":"Mock Splunk knowledge objects loaded."}],"structuredContent":{"objects":[{"id":"saved-search-lateral-movement","type":"saved_searches","name":"ES - Lateral Movement Auth Chain","app":"SplunkEnterpriseSecuritySuite","description":"Validated lateral movement authentication chain search","dependsOn":["macro-security-content-ctime","lookup-asset-lookup","field-alias-auth-source"],"metadata":{"search":"search index=wineventlog host=$host$ src=* earliest=$earliest$ latest=$latest$ | stats count by src dest user","canonicalFields":["src","dest","user"],"trapRulesSupported":["KO-001","KO-002","EVD-001"]}}],"resultCount":1,"warnings":[]}}}
{"direction":"request","sequence":10,"id":1,"method":"tools/call","params":{"name":"splunk_run_saved_search","arguments":{"app":"SplunkEnterpriseSecuritySuite","name":"ES - Lateral Movement Auth Chain","tokens":{"host":"win-finance-07"},"maxRows":10}}}
{"direction":"response","sequence":11,"id":1,"result":{"content":[{"type":"text","text":"Mock Splunk saved-search result loaded."}],"structuredContent":{"savedSearchRef":"saved-search-lateral-movement","rows":[{"eventRef":"evt-102","_time":"2026-05-31T22:14:08.000Z","sourcetype":"XmlWinEventLog:Security","src":"win-finance-07","dest":"admin-login-02","user":"svc-finance","EventCode":"4624","signature":"An account was successfully logged on"},{"eventRef":"evt-118","_time":"2026-05-31T22:16:41.000Z","sourcetype":"XmlWinEventLog:Security","src":"admin-login-02","dest":"dc-01","user":"svc-finance","EventCode":"4672","signature":"Special privileges assigned to new logon"},{"eventRef":"evt-141","_time":"2026-05-31T22:21:19.000Z","sourcetype":"XmlWinEventLog:Security","src":"dc-01","dest":"finance-sql-03","user":"svc-finance","EventCode":"4624","signature":"An account was successfully logged on"}],"resultCount":3,"evidenceRefs":["evt-102","evt-118","evt-141"],"warnings":[]}}}
