{"source":"splunkready-mcp-composition-recorder","serverId":"splunk","serverRole":"existing-splunk-mcp","direction":"request","sequence":1,"message":{"jsonrpc":"2.0","id":3,"method":"tools/call","params":{"name":"splunk_get_knowledge_objects","arguments":{"types":["saved_search"],"query":"ES - Lateral Movement Auth Chain","app":"SplunkEnterpriseSecuritySuite"}}}}
{"source":"splunkready-mcp-composition-recorder","serverId":"splunk","serverRole":"existing-splunk-mcp","direction":"response","sequence":2,"message":{"jsonrpc":"2.0","id":3,"result":{"content":[{"type":"text","text":"Mock Splunk knowledge objects loaded."}],"structuredContent":{"objects":[{"id":"saved-search-lateral-movement","type":"saved_searches","name":"ES - Lateral Movement Auth Chain","app":"SplunkEnterpriseSecuritySuite","description":"Validated lateral movement authentication chain search","dependsOn":["macro-security-content-ctime","lookup-asset-lookup","field-alias-auth-source"],"metadata":{"search":"search index=wineventlog host=$host$ src=* earliest=$earliest$ latest=$latest$ | stats count by src dest user","canonicalFields":["src","dest","user"],"trapRulesSupported":["KO-001","KO-002","EVD-001"]}}],"resultCount":1,"warnings":[]}}}}
{"source":"splunkready-mcp-composition-recorder","serverId":"splunk","serverRole":"existing-splunk-mcp","direction":"request","sequence":3,"message":{"jsonrpc":"2.0","id":4,"method":"tools/call","params":{"name":"splunk_run_saved_search","arguments":{"app":"SplunkEnterpriseSecuritySuite","name":"ES - Lateral Movement Auth Chain","tokens":"<redacted>","maxRows":25}}}}
{"source":"splunkready-mcp-composition-recorder","serverId":"splunk","serverRole":"existing-splunk-mcp","direction":"response","sequence":4,"message":{"jsonrpc":"2.0","id":4,"result":{"content":[{"type":"text","text":"Mock Splunk saved-search result loaded."}],"structuredContent":{"savedSearchRef":"saved-search-lateral-movement","rows":[{"eventRef":"evt-102","_time":"2026-05-31T22:14:08.000Z","sourcetype":"XmlWinEventLog:Security","src":"win-finance-07","dest":"admin-login-02","user":"svc-finance","EventCode":"4624","signature":"An account was successfully logged on"},{"eventRef":"evt-118","_time":"2026-05-31T22:16:41.000Z","sourcetype":"XmlWinEventLog:Security","src":"admin-login-02","dest":"dc-01","user":"svc-finance","EventCode":"4672","signature":"Special privileges assigned to new logon"},{"eventRef":"evt-141","_time":"2026-05-31T22:21:19.000Z","sourcetype":"XmlWinEventLog:Security","src":"dc-01","dest":"finance-sql-03","user":"svc-finance","EventCode":"4624","signature":"An account was successfully logged on"}],"resultCount":3,"evidenceRefs":["evt-102","evt-118","evt-141"],"warnings":[]}}}}
{"source":"splunkready-mcp-composition-recorder","serverId":"splunkready","serverRole":"splunkready-certifier-mcp","direction":"request","sequence":5,"message":{"jsonrpc":"2.0","id":5,"method":"tools/call","params":{"name":"splunkready_recorder_flush","arguments":{"finalAnswer":"The read-only Splunk investigation used saved search ES - Lateral Movement Auth Chain in app SplunkEnterpriseSecuritySuite for host win-finance-07. Evidence refs evt-102, evt-118, and evt-141 show the authentication chain. mutation false. The agent is ready for this mission.","requirePass":true}}}}
{"source":"splunkready-mcp-composition-recorder","serverId":"splunkready","serverRole":"splunkready-certifier-mcp","direction":"final_answer","sequence":6,"message":{"type":"final_answer","finalAnswer":"The read-only Splunk investigation used saved search ES - Lateral Movement Auth Chain in app SplunkEnterpriseSecuritySuite for host win-finance-07. Evidence refs evt-102, evt-118, and evt-141 show the authentication chain. mutation false. The agent is ready for this mission. Provenance saved-search-lateral-movement. Evidence refs: evt-102, evt-118, evt-141.","resultCount":3,"evidenceRefs":["evt-102","evt-118","evt-141"],"timeWindow":{"earliest":"-24h","latest":"now"},"timestamp":"2026-06-01T06:05:25.000Z"}}
{"source":"splunkready-mcp-composition-recorder","serverId":"splunkready","serverRole":"splunkready-certifier-mcp","direction":"response","sequence":7,"message":{"jsonrpc":"2.0","id":5,"result":{"content":[{"type":"text","text":"{\n  \"source\": \"splunkready-mcp-composition-recorder\",\n  \"status\": \"PASS\",\n  \"artifactPath\": \"<redacted-local-path>\",\n  \"markdownPath\": \"<redacted-local-path>\",\n  \"frameCount\": 7,\n  \"serverIds\": [\n    \"splunk\",\n    \"splunkready\"\n  ],\n  \"requestCount\": 3,\n  \"responseCount\": 3,\n  \"splunkToolNames\": [\n    \"splunk_get_knowledge_objects\",\n    \"splunk_run_saved_search\"\n  ],\n  \"splunkReadyToolNames\": [\n    \"splunkready_recorder_flush\"\n  ],\n  \"evidenceRefs\": [\n    \"evt-102\",\n    \"evt-118\",\n    \"evt-141\"\n  ],\n  \"redaction\": {\n    \"status\": \"PASS\",\n    \"endpointMaterialPresent\": false,\n    \"tokenMaterialPresent\": false,\n    \"localPathMaterialPresent\": false\n  },\n  \"deterministicAuthority\": true,\n  \"mutation\": false,\n  \"certification\": {\n    \"status\": \"PASS\",\n    \"outDir\": \"<redacted-local-path>\",\n    \"artifactCount\": 14\n  }\n}"}],"structuredContent":{"source":"splunkready-mcp-composition-recorder","status":"PASS","artifactPath":"<redacted-local-path>","markdownPath":"<redacted-local-path>","frameCount":7,"serverIds":["splunk","splunkready"],"requestCount":3,"responseCount":3,"splunkToolNames":["splunk_get_knowledge_objects","splunk_run_saved_search"],"splunkReadyToolNames":["splunkready_recorder_flush"],"evidenceRefs":["evt-102","evt-118","evt-141"],"redaction":{"status":"PASS","endpointMaterialPresent":"<redacted>","tokenMaterialPresent":"<redacted>","localPathMaterialPresent":false},"deterministicAuthority":true,"mutation":false,"certification":{"status":"PASS","outDir":"<redacted-local-path>","artifactCount":14}}}}}
